<?xml version="1.0" encoding="UTF-8"?>
<testng-results skipped="0" failed="0" total="1" passed="1">
  <reporter-output>
  </reporter-output>
  <suite name="run tests in parallel" duration-ms="351" started-at="2016-03-23T15:20:45Z" finished-at="2016-03-23T15:20:46Z">
    <groups>
      <group name="cucumber">
        <method signature="AbstractTestNGCucumberTests.feature(cucumber.api.testng.CucumberFeatureWrapper)[pri:0, instance:com.automation.framework.runners.CukesTest@48140564]" name="feature" class="cucumber.api.testng.AbstractTestNGCucumberTests"/>
      </group> <!-- cucumber -->
    </groups>
    <test name="Tests in FF" duration-ms="351" started-at="2016-03-23T15:20:45Z" finished-at="2016-03-23T15:20:46Z">
      <class name="com.automation.framework.runners.CukesTest">
        <test-method status="PASS" signature="setUpClass()[pri:0, instance:com.automation.framework.runners.CukesTest@48140564]" name="setUpClass" is-config="true" duration-ms="230" started-at="2016-03-23T10:20:46Z" finished-at="2016-03-23T10:20:46Z">
          <reporter-output>
          </reporter-output>
        </test-method> <!-- setUpClass -->
        <test-method status="PASS" signature="feature(cucumber.api.testng.CucumberFeatureWrapper)[pri:0, instance:com.automation.framework.runners.CukesTest@48140564]" name="feature" duration-ms="15" started-at="2016-03-23T10:20:46Z" description="Runs Cucumber Feature" data-provider="features" finished-at="2016-03-23T10:20:46Z">
          <params>
            <param index="0">
              <value>
                <![CDATA[Test Login]]>
              </value>
            </param>
          </params>
          <reporter-output>
          </reporter-output>
        </test-method> <!-- feature -->
        <test-method status="PASS" signature="tearDownClass()[pri:0, instance:com.automation.framework.runners.CukesTest@48140564]" name="tearDownClass" is-config="true" duration-ms="25" started-at="2016-03-23T10:20:46Z" finished-at="2016-03-23T10:20:46Z">
          <reporter-output>
          </reporter-output>
        </test-method> <!-- tearDownClass -->
      </class> <!-- com.automation.framework.runners.CukesTest -->
    </test> <!-- Tests in FF -->
  </suite> <!-- run tests in parallel -->
</testng-results>
